--- Snyk Scan Started at 2025-05-02 22:04:42.387427 ---


--- Scanning: bdhpcr.azurecr.io/images/bdhp-adt:5.9.0 ---
STDOUT:
Scanning Image: 
Organization: 
Tags: 
Dockerfile Path: 

STDERR:
[31;1mSnyk-Container-Monitor: [0m
[31;1m[36;1mLine |[0m
[31;1m[36;1m[36;1m   4 | [0m             [36;1mSnyk-Container-Monitor[0m -organization "your-org-name" -tag …[0m
[31;1m[36;1m[36;1m[0m[36;1m[0m[36;1m     | [31;1m             ~~~~~~~~~~~~~~~~~~~~~~[0m
[31;1m[36;1m[36;1m[0m[36;1m[0m[36;1m[31;1m[31;1m[36;1m     | [31;1mThe term 'Snyk-Container-Monitor' is not recognized as a name of a cmdlet, function, script file, or executable program.[0m
[31;1m[36;1m[36;1m[0m[36;1m[0m[36;1m[31;1m[31;1m[36;1m[31;1mCheck the spelling of the name, or if a path was included, verify that the path is correct and try again.[0m


--- Scanning: bdhpcr.azurecr.io/images/bdhp-alarm-reporter:4.25.1 ---
STDOUT:
Scanning Image: 
Organization: 
Tags: 
Dockerfile Path: 

STDERR:
[31;1mSnyk-Container-Monitor: [0m
[31;1m[36;1mLine |[0m
[31;1m[36;1m[36;1m   4 | [0m             [36;1mSnyk-Container-Monitor[0m -organization "your-org-name" -tag …[0m
[31;1m[36;1m[36;1m[0m[36;1m[0m[36;1m     | [31;1m             ~~~~~~~~~~~~~~~~~~~~~~[0m
[31;1m[36;1m[36;1m[0m[36;1m[0m[36;1m[31;1m[31;1m[36;1m     | [31;1mThe term 'Snyk-Container-Monitor' is not recognized as a name of a cmdlet, function, script file, or executable program.[0m
[31;1m[36;1m[36;1m[0m[36;1m[0m[36;1m[31;1m[31;1m[36;1m[31;1mCheck the spelling of the name, or if a path was included, verify that the path is correct and try again.[0m


--- Scanning: bdhpcr.azurecr.io/images/bdhp-allergy-intolerance:5.14.0 ---
STDOUT:
Scanning Image: 
Organization: 
Tags: 
Dockerfile Path: 

STDERR:
[31;1mSnyk-Container-Monitor: [0m
[31;1m[36;1mLine |[0m
[31;1m[36;1m[36;1m   4 | [0m             [36;1mSnyk-Container-Monitor[0m -organization "your-org-name" -tag …[0m
[31;1m[36;1m[36;1m[0m[36;1m[0m[36;1m     | [31;1m             ~~~~~~~~~~~~~~~~~~~~~~[0m
[31;1m[36;1m[36;1m[0m[36;1m[0m[36;1m[31;1m[31;1m[36;1m     | [31;1mThe term 'Snyk-Container-Monitor' is not recognized as a name of a cmdlet, function, script file, or executable program.[0m
[31;1m[36;1m[36;1m[0m[36;1m[0m[36;1m[31;1m[31;1m[36;1m[31;1mCheck the spelling of the name, or if a path was included, verify that the path is correct and try again.[0m


--- Scanning: bdhpcr.azurecr.io/images/bdhp-bridge:1.5.1 ---
STDOUT:
Scanning Image: 
Organization: 
Tags: 
Dockerfile Path: 

STDERR:
[31;1mSnyk-Container-Monitor: [0m
[31;1m[36;1mLine |[0m
[31;1m[36;1m[36;1m   4 | [0m             [36;1mSnyk-Container-Monitor[0m -organization "your-org-name" -tag …[0m
[31;1m[36;1m[36;1m[0m[36;1m[0m[36;1m     | [31;1m             ~~~~~~~~~~~~~~~~~~~~~~[0m
[31;1m[36;1m[36;1m[0m[36;1m[0m[36;1m[31;1m[31;1m[36;1m     | [31;1mThe term 'Snyk-Container-Monitor' is not recognized as a name of a cmdlet, function, script file, or executable program.[0m
[31;1m[36;1m[36;1m[0m[36;1m[0m[36;1m[31;1m[31;1m[36;1m[31;1mCheck the spelling of the name, or if a path was included, verify that the path is correct and try again.[0m


--- Scanning: bdhpcr.azurecr.io/images/bdhp-catalog:5.78.2 ---
STDOUT:
Scanning Image: 
Organization: 
Tags: 
Dockerfile Path: 

STDERR:
[31;1mSnyk-Container-Monitor: [0m
[31;1m[36;1mLine |[0m
[31;1m[36;1m[36;1m   4 | [0m             [36;1mSnyk-Container-Monitor[0m -organization "your-org-name" -tag …[0m
[31;1m[36;1m[36;1m[0m[36;1m[0m[36;1m     | [31;1m             ~~~~~~~~~~~~~~~~~~~~~~[0m
[31;1m[36;1m[36;1m[0m[36;1m[0m[36;1m[31;1m[31;1m[36;1m     | [31;1mThe term 'Snyk-Container-Monitor' is not recognized as a name of a cmdlet, function, script file, or executable program.[0m
[31;1m[36;1m[36;1m[0m[36;1m[0m[36;1m[31;1m[31;1m[36;1m[31;1mCheck the spelling of the name, or if a path was included, verify that the path is correct and try again.[0m


--- Scanning: bdhpcr.azurecr.io/images/bdhp-catalog-configuration:5.16.1 ---
STDOUT:
Scanning Image: 
Organization: 
Tags: 
Dockerfile Path: 

STDERR:
[31;1mSnyk-Container-Monitor: [0m
[31;1m[36;1mLine |[0m
[31;1m[36;1m[36;1m   4 | [0m             [36;1mSnyk-Container-Monitor[0m -organization "your-org-name" -tag …[0m
[31;1m[36;1m[36;1m[0m[36;1m[0m[36;1m     | [31;1m             ~~~~~~~~~~~~~~~~~~~~~~[0m
[31;1m[36;1m[36;1m[0m[36;1m[0m[36;1m[31;1m[31;1m[36;1m     | [31;1mThe term 'Snyk-Container-Monitor' is not recognized as a name of a cmdlet, function, script file, or executable program.[0m
[31;1m[36;1m[36;1m[0m[36;1m[0m[36;1m[31;1m[31;1m[36;1m[31;1mCheck the spelling of the name, or if a path was included, verify that the path is correct and try again.[0m


--- Scanning: bdhpcr.azurecr.io/images/bdhp-catalog-service-jobs:4.3.1 ---
STDOUT:
Scanning Image: 
Organization: 
Tags: 
Dockerfile Path: 

STDERR:
[31;1mSnyk-Container-Monitor: [0m
[31;1m[36;1mLine |[0m
[31;1m[36;1m[36;1m   4 | [0m             [36;1mSnyk-Container-Monitor[0m -organization "your-org-name" -tag …[0m
[31;1m[36;1m[36;1m[0m[36;1m[0m[36;1m     | [31;1m             ~~~~~~~~~~~~~~~~~~~~~~[0m
[31;1m[36;1m[36;1m[0m[36;1m[0m[36;1m[31;1m[31;1m[36;1m     | [31;1mThe term 'Snyk-Container-Monitor' is not recognized as a name of a cmdlet, function, script file, or executable program.[0m
[31;1m[36;1m[36;1m[0m[36;1m[0m[36;1m[31;1m[31;1m[36;1m[31;1mCheck the spelling of the name, or if a path was included, verify that the path is correct and try again.[0m


--- Scanning: bdhpcr.azurecr.io/images/bdhp-clamav:4.14.8 ---
STDOUT:
Scanning Image: 
Organization: 
Tags: 
Dockerfile Path: 

STDERR:
[31;1mSnyk-Container-Monitor: [0m
[31;1m[36;1mLine |[0m
[31;1m[36;1m[36;1m   4 | [0m             [36;1mSnyk-Container-Monitor[0m -organization "your-org-name" -tag …[0m
[31;1m[36;1m[36;1m[0m[36;1m[0m[36;1m     | [31;1m             ~~~~~~~~~~~~~~~~~~~~~~[0m
[31;1m[36;1m[36;1m[0m[36;1m[0m[36;1m[31;1m[31;1m[36;1m     | [31;1mThe term 'Snyk-Container-Monitor' is not recognized as a name of a cmdlet, function, script file, or executable program.[0m
[31;1m[36;1m[36;1m[0m[36;1m[0m[36;1m[31;1m[31;1m[36;1m[31;1mCheck the spelling of the name, or if a path was included, verify that the path is correct and try again.[0m


--- Scanning: bdhpcr.azurecr.io/images/bdhp-communication:4.26.0 ---
STDOUT:
Scanning Image: 
Organization: 
Tags: 
Dockerfile Path: 

STDERR:
[31;1mSnyk-Container-Monitor: [0m
[31;1m[36;1mLine |[0m
[31;1m[36;1m[36;1m   4 | [0m             [36;1mSnyk-Container-Monitor[0m -organization "your-org-name" -tag …[0m
[31;1m[36;1m[36;1m[0m[36;1m[0m[36;1m     | [31;1m             ~~~~~~~~~~~~~~~~~~~~~~[0m
[31;1m[36;1m[36;1m[0m[36;1m[0m[36;1m[31;1m[31;1m[36;1m     | [31;1mThe term 'Snyk-Container-Monitor' is not recognized as a name of a cmdlet, function, script file, or executable program.[0m
[31;1m[36;1m[36;1m[0m[36;1m[0m[36;1m[31;1m[31;1m[36;1m[31;1mCheck the spelling of the name, or if a path was included, verify that the path is correct and try again.[0m


--- Scanning: bdhpcr.azurecr.io/images/bdhp-device:4.26.0 ---
STDOUT:
Scanning Image: 
Organization: 
Tags: 
Dockerfile Path: 

STDERR:
[31;1mSnyk-Container-Monitor: [0m
[31;1m[36;1mLine |[0m
[31;1m[36;1m[36;1m   4 | [0m             [36;1mSnyk-Container-Monitor[0m -organization "your-org-name" -tag …[0m
[31;1m[36;1m[36;1m[0m[36;1m[0m[36;1m     | [31;1m             ~~~~~~~~~~~~~~~~~~~~~~[0m
[31;1m[36;1m[36;1m[0m[36;1m[0m[36;1m[31;1m[31;1m[36;1m     | [31;1mThe term 'Snyk-Container-Monitor' is not recognized as a name of a cmdlet, function, script file, or executable program.[0m
[31;1m[36;1m[36;1m[0m[36;1m[0m[36;1m[31;1m[31;1m[36;1m[31;1mCheck the spelling of the name, or if a path was included, verify that the path is correct and try again.[0m


--- Scanning: bdhpcr.azurecr.io/images/bdhp-device-gateway:4.19.0 ---
STDOUT:
Scanning Image: 
Organization: 
Tags: 
Dockerfile Path: 

STDERR:
[31;1mSnyk-Container-Monitor: [0m
[31;1m[36;1mLine |[0m
[31;1m[36;1m[36;1m   4 | [0m             [36;1mSnyk-Container-Monitor[0m -organization "your-org-name" -tag …[0m
[31;1m[36;1m[36;1m[0m[36;1m[0m[36;1m     | [31;1m             ~~~~~~~~~~~~~~~~~~~~~~[0m
[31;1m[36;1m[36;1m[0m[36;1m[0m[36;1m[31;1m[31;1m[36;1m     | [31;1mThe term 'Snyk-Container-Monitor' is not recognized as a name of a cmdlet, function, script file, or executable program.[0m
[31;1m[36;1m[36;1m[0m[36;1m[0m[36;1m[31;1m[31;1m[36;1m[31;1mCheck the spelling of the name, or if a path was included, verify that the path is correct and try again.[0m


--- Scanning: bdhpcr.azurecr.io/images/bdhp-device-gateway-engine:5.13.10 ---
STDOUT:
Scanning Image: 
Organization: 
Tags: 
Dockerfile Path: 

STDERR:
[31;1mSnyk-Container-Monitor: [0m
[31;1m[36;1mLine |[0m
[31;1m[36;1m[36;1m   4 | [0m             [36;1mSnyk-Container-Monitor[0m -organization "your-org-name" -tag …[0m
[31;1m[36;1m[36;1m[0m[36;1m[0m[36;1m     | [31;1m             ~~~~~~~~~~~~~~~~~~~~~~[0m
[31;1m[36;1m[36;1m[0m[36;1m[0m[36;1m[31;1m[31;1m[36;1m     | [31;1mThe term 'Snyk-Container-Monitor' is not recognized as a name of a cmdlet, function, script file, or executable program.[0m
[31;1m[36;1m[36;1m[0m[36;1m[0m[36;1m[31;1m[31;1m[36;1m[31;1mCheck the spelling of the name, or if a path was included, verify that the path is correct and try again.[0m


--- Scanning: bdhpcr.azurecr.io/images/bdhp-ecp-ui:5.4.8 ---
STDOUT:
Scanning Image: 
Organization: 
Tags: 
Dockerfile Path: 

STDERR:
[31;1mSnyk-Container-Monitor: [0m
[31;1m[36;1mLine |[0m
[31;1m[36;1m[36;1m   4 | [0m             [36;1mSnyk-Container-Monitor[0m -organization "your-org-name" -tag …[0m
[31;1m[36;1m[36;1m[0m[36;1m[0m[36;1m     | [31;1m             ~~~~~~~~~~~~~~~~~~~~~~[0m
[31;1m[36;1m[36;1m[0m[36;1m[0m[36;1m[31;1m[31;1m[36;1m     | [31;1mThe term 'Snyk-Container-Monitor' is not recognized as a name of a cmdlet, function, script file, or executable program.[0m
[31;1m[36;1m[36;1m[0m[36;1m[0m[36;1m[31;1m[31;1m[36;1m[31;1mCheck the spelling of the name, or if a path was included, verify that the path is correct and try again.[0m


--- Scanning: bdhpcr.azurecr.io/images/bdhp-emr-vitals:4.17.0 ---
STDOUT:
Scanning Image: 
Organization: 
Tags: 
Dockerfile Path: 

STDERR:
[31;1mSnyk-Container-Monitor: [0m
[31;1m[36;1mLine |[0m
[31;1m[36;1m[36;1m   4 | [0m             [36;1mSnyk-Container-Monitor[0m -organization "your-org-name" -tag …[0m
[31;1m[36;1m[36;1m[0m[36;1m[0m[36;1m     | [31;1m             ~~~~~~~~~~~~~~~~~~~~~~[0m
[31;1m[36;1m[36;1m[0m[36;1m[0m[36;1m[31;1m[31;1m[36;1m     | [31;1mThe term 'Snyk-Container-Monitor' is not recognized as a name of a cmdlet, function, script file, or executable program.[0m
[31;1m[36;1m[36;1m[0m[36;1m[0m[36;1m[31;1m[31;1m[36;1m[31;1mCheck the spelling of the name, or if a path was included, verify that the path is correct and try again.[0m


--- Scanning: bdhpcr.azurecr.io/images/bdhp-encounter:4.24.0 ---
STDOUT:
Scanning Image: 
Organization: 
Tags: 
Dockerfile Path: 

STDERR:
[31;1mSnyk-Container-Monitor: [0m
[31;1m[36;1mLine |[0m
[31;1m[36;1m[36;1m   4 | [0m             [36;1mSnyk-Container-Monitor[0m -organization "your-org-name" -tag …[0m
[31;1m[36;1m[36;1m[0m[36;1m[0m[36;1m     | [31;1m             ~~~~~~~~~~~~~~~~~~~~~~[0m
[31;1m[36;1m[36;1m[0m[36;1m[0m[36;1m[31;1m[31;1m[36;1m     | [31;1mThe term 'Snyk-Container-Monitor' is not recognized as a name of a cmdlet, function, script file, or executable program.[0m
[31;1m[36;1m[36;1m[0m[36;1m[0m[36;1m[31;1m[31;1m[36;1m[31;1mCheck the spelling of the name, or if a path was included, verify that the path is correct and try again.[0m


--- Scanning: bdhpcr.azurecr.io/images/bdhp-enterprise-gateway:4.96.0 ---
STDOUT:
Scanning Image: 
Organization: 
Tags: 
Dockerfile Path: 

STDERR:
[31;1mSnyk-Container-Monitor: [0m
[31;1m[36;1mLine |[0m
[31;1m[36;1m[36;1m   4 | [0m             [36;1mSnyk-Container-Monitor[0m -organization "your-org-name" -tag …[0m
[31;1m[36;1m[36;1m[0m[36;1m[0m[36;1m     | [31;1m             ~~~~~~~~~~~~~~~~~~~~~~[0m
[31;1m[36;1m[36;1m[0m[36;1m[0m[36;1m[31;1m[31;1m[36;1m     | [31;1mThe term 'Snyk-Container-Monitor' is not recognized as a name of a cmdlet, function, script file, or executable program.[0m
[31;1m[36;1m[36;1m[0m[36;1m[0m[36;1m[31;1m[31;1m[36;1m[31;1mCheck the spelling of the name, or if a path was included, verify that the path is correct and try again.[0m


--- Scanning: bdhpcr.azurecr.io/images/bdhp-hl7outbound:4.23.0 ---
STDOUT:
Scanning Image: 
Organization: 
Tags: 
Dockerfile Path: 

STDERR:
[31;1mSnyk-Container-Monitor: [0m
[31;1m[36;1mLine |[0m
[31;1m[36;1m[36;1m   4 | [0m             [36;1mSnyk-Container-Monitor[0m -organization "your-org-name" -tag …[0m
[31;1m[36;1m[36;1m[0m[36;1m[0m[36;1m     | [31;1m             ~~~~~~~~~~~~~~~~~~~~~~[0m
[31;1m[36;1m[36;1m[0m[36;1m[0m[36;1m[31;1m[31;1m[36;1m     | [31;1mThe term 'Snyk-Container-Monitor' is not recognized as a name of a cmdlet, function, script file, or executable program.[0m
[31;1m[36;1m[36;1m[0m[36;1m[0m[36;1m[31;1m[31;1m[36;1m[31;1mCheck the spelling of the name, or if a path was included, verify that the path is correct and try again.[0m


--- Scanning: bdhpcr.azurecr.io/images/bdhp-iqecs:6.24.20 ---
STDOUT:
Scanning Image: 
Organization: 
Tags: 
Dockerfile Path: 

STDERR:
[31;1mSnyk-Container-Monitor: [0m
[31;1m[36;1mLine |[0m
[31;1m[36;1m[36;1m   4 | [0m             [36;1mSnyk-Container-Monitor[0m -organization "your-org-name" -tag …[0m
[31;1m[36;1m[36;1m[0m[36;1m[0m[36;1m     | [31;1m             ~~~~~~~~~~~~~~~~~~~~~~[0m
[31;1m[36;1m[36;1m[0m[36;1m[0m[36;1m[31;1m[31;1m[36;1m     | [31;1mThe term 'Snyk-Container-Monitor' is not recognized as a name of a cmdlet, function, script file, or executable program.[0m
[31;1m[36;1m[36;1m[0m[36;1m[0m[36;1m[31;1m[31;1m[36;1m[31;1mCheck the spelling of the name, or if a path was included, verify that the path is correct and try again.[0m


--- Scanning: bdhpcr.azurecr.io/images/bdhp-keycloak-mysql:5.9.5 ---
STDOUT:
Scanning Image: 
Organization: 
Tags: 
Dockerfile Path: 

STDERR:
[31;1mSnyk-Container-Monitor: [0m
[31;1m[36;1mLine |[0m
[31;1m[36;1m[36;1m   4 | [0m             [36;1mSnyk-Container-Monitor[0m -organization "your-org-name" -tag …[0m
[31;1m[36;1m[36;1m[0m[36;1m[0m[36;1m     | [31;1m             ~~~~~~~~~~~~~~~~~~~~~~[0m
[31;1m[36;1m[36;1m[0m[36;1m[0m[36;1m[31;1m[31;1m[36;1m     | [31;1mThe term 'Snyk-Container-Monitor' is not recognized as a name of a cmdlet, function, script file, or executable program.[0m
[31;1m[36;1m[36;1m[0m[36;1m[0m[36;1m[31;1m[31;1m[36;1m[31;1mCheck the spelling of the name, or if a path was included, verify that the path is correct and try again.[0m


--- Scanning: bdhpcr.azurecr.io/images/bdhp-keycloak-postgresql:5.9.5 ---
STDOUT:
Scanning Image: 
Organization: 
Tags: 
Dockerfile Path: 

STDERR:
[31;1mSnyk-Container-Monitor: [0m
[31;1m[36;1mLine |[0m
[31;1m[36;1m[36;1m   4 | [0m             [36;1mSnyk-Container-Monitor[0m -organization "your-org-name" -tag …[0m
[31;1m[36;1m[36;1m[0m[36;1m[0m[36;1m     | [31;1m             ~~~~~~~~~~~~~~~~~~~~~~[0m
[31;1m[36;1m[36;1m[0m[36;1m[0m[36;1m[31;1m[31;1m[36;1m     | [31;1mThe term 'Snyk-Container-Monitor' is not recognized as a name of a cmdlet, function, script file, or executable program.[0m
[31;1m[36;1m[36;1m[0m[36;1m[0m[36;1m[31;1m[31;1m[36;1m[31;1mCheck the spelling of the name, or if a path was included, verify that the path is correct and try again.[0m


--- Scanning: bdhpcr.azurecr.io/images/bdhp-location:4.30.1 ---
STDOUT:
Scanning Image: 
Organization: 
Tags: 
Dockerfile Path: 

STDERR:
[31;1mSnyk-Container-Monitor: [0m
[31;1m[36;1mLine |[0m
[31;1m[36;1m[36;1m   4 | [0m             [36;1mSnyk-Container-Monitor[0m -organization "your-org-name" -tag …[0m
[31;1m[36;1m[36;1m[0m[36;1m[0m[36;1m     | [31;1m             ~~~~~~~~~~~~~~~~~~~~~~[0m
[31;1m[36;1m[36;1m[0m[36;1m[0m[36;1m[31;1m[31;1m[36;1m     | [31;1mThe term 'Snyk-Container-Monitor' is not recognized as a name of a cmdlet, function, script file, or executable program.[0m
[31;1m[36;1m[36;1m[0m[36;1m[0m[36;1m[31;1m[31;1m[36;1m[31;1mCheck the spelling of the name, or if a path was included, verify that the path is correct and try again.[0m


--- Scanning: bdhpcr.azurecr.io/images/bdhp-manual-adt-backend:4.16.0 ---
STDOUT:
Scanning Image: 
Organization: 
Tags: 
Dockerfile Path: 

STDERR:
[31;1mSnyk-Container-Monitor: [0m
[31;1m[36;1mLine |[0m
[31;1m[36;1m[36;1m   4 | [0m             [36;1mSnyk-Container-Monitor[0m -organization "your-org-name" -tag …[0m
[31;1m[36;1m[36;1m[0m[36;1m[0m[36;1m     | [31;1m             ~~~~~~~~~~~~~~~~~~~~~~[0m
[31;1m[36;1m[36;1m[0m[36;1m[0m[36;1m[31;1m[31;1m[36;1m     | [31;1mThe term 'Snyk-Container-Monitor' is not recognized as a name of a cmdlet, function, script file, or executable program.[0m
[31;1m[36;1m[36;1m[0m[36;1m[0m[36;1m[31;1m[31;1m[36;1m[31;1mCheck the spelling of the name, or if a path was included, verify that the path is correct and try again.[0m


--- Scanning: bdhpcr.azurecr.io/images/bdhp-manual-adt-ui:4.9.1 ---
STDOUT:
Scanning Image: 
Organization: 
Tags: 
Dockerfile Path: 

STDERR:
[31;1mSnyk-Container-Monitor: [0m
[31;1m[36;1mLine |[0m
[31;1m[36;1m[36;1m   4 | [0m             [36;1mSnyk-Container-Monitor[0m -organization "your-org-name" -tag …[0m
[31;1m[36;1m[36;1m[0m[36;1m[0m[36;1m     | [31;1m             ~~~~~~~~~~~~~~~~~~~~~~[0m
[31;1m[36;1m[36;1m[0m[36;1m[0m[36;1m[31;1m[31;1m[36;1m     | [31;1mThe term 'Snyk-Container-Monitor' is not recognized as a name of a cmdlet, function, script file, or executable program.[0m
[31;1m[36;1m[36;1m[0m[36;1m[0m[36;1m[31;1m[31;1m[36;1m[31;1mCheck the spelling of the name, or if a path was included, verify that the path is correct and try again.[0m


--- Scanning: bdhpcr.azurecr.io/images/bdhp-metrics:4.2.4 ---
STDOUT:
Scanning Image: 
Organization: 
Tags: 
Dockerfile Path: 

STDERR:
[31;1mSnyk-Container-Monitor: [0m
[31;1m[36;1mLine |[0m
[31;1m[36;1m[36;1m   4 | [0m             [36;1mSnyk-Container-Monitor[0m -organization "your-org-name" -tag …[0m
[31;1m[36;1m[36;1m[0m[36;1m[0m[36;1m     | [31;1m             ~~~~~~~~~~~~~~~~~~~~~~[0m
[31;1m[36;1m[36;1m[0m[36;1m[0m[36;1m[31;1m[31;1m[36;1m     | [31;1mThe term 'Snyk-Container-Monitor' is not recognized as a name of a cmdlet, function, script file, or executable program.[0m
[31;1m[36;1m[36;1m[0m[36;1m[0m[36;1m[31;1m[31;1m[36;1m[31;1mCheck the spelling of the name, or if a path was included, verify that the path is correct and try again.[0m


--- Scanning: bdhpcr.azurecr.io/images/bdhp-mirth-sidecar:4.25.11 ---
STDOUT:
Scanning Image: 
Organization: 
Tags: 
Dockerfile Path: 

STDERR:
[31;1mSnyk-Container-Monitor: [0m
[31;1m[36;1mLine |[0m
[31;1m[36;1m[36;1m   4 | [0m             [36;1mSnyk-Container-Monitor[0m -organization "your-org-name" -tag …[0m
[31;1m[36;1m[36;1m[0m[36;1m[0m[36;1m     | [31;1m             ~~~~~~~~~~~~~~~~~~~~~~[0m
[31;1m[36;1m[36;1m[0m[36;1m[0m[36;1m[31;1m[31;1m[36;1m     | [31;1mThe term 'Snyk-Container-Monitor' is not recognized as a name of a cmdlet, function, script file, or executable program.[0m
[31;1m[36;1m[36;1m[0m[36;1m[0m[36;1m[31;1m[31;1m[36;1m[31;1mCheck the spelling of the name, or if a path was included, verify that the path is correct and try again.[0m


--- Scanning: bdhpcr.azurecr.io/images/bdhp-ntpd:1.16.3 ---
STDOUT:
Scanning Image: 
Organization: 
Tags: 
Dockerfile Path: 

STDERR:
[31;1mSnyk-Container-Monitor: [0m
[31;1m[36;1mLine |[0m
[31;1m[36;1m[36;1m   4 | [0m             [36;1mSnyk-Container-Monitor[0m -organization "your-org-name" -tag …[0m
[31;1m[36;1m[36;1m[0m[36;1m[0m[36;1m     | [31;1m             ~~~~~~~~~~~~~~~~~~~~~~[0m
[31;1m[36;1m[36;1m[0m[36;1m[0m[36;1m[31;1m[31;1m[36;1m     | [31;1mThe term 'Snyk-Container-Monitor' is not recognized as a name of a cmdlet, function, script file, or executable program.[0m
[31;1m[36;1m[36;1m[0m[36;1m[0m[36;1m[31;1m[31;1m[36;1m[31;1mCheck the spelling of the name, or if a path was included, verify that the path is correct and try again.[0m


--- Scanning: bdhpcr.azurecr.io/images/bdhp-observation:4.37.2 ---
STDOUT:
Scanning Image: 
Organization: 
Tags: 
Dockerfile Path: 

STDERR:
[31;1mSnyk-Container-Monitor: [0m
[31;1m[36;1mLine |[0m
[31;1m[36;1m[36;1m   4 | [0m             [36;1mSnyk-Container-Monitor[0m -organization "your-org-name" -tag …[0m
[31;1m[36;1m[36;1m[0m[36;1m[0m[36;1m     | [31;1m             ~~~~~~~~~~~~~~~~~~~~~~[0m
[31;1m[36;1m[36;1m[0m[36;1m[0m[36;1m[31;1m[31;1m[36;1m     | [31;1mThe term 'Snyk-Container-Monitor' is not recognized as a name of a cmdlet, function, script file, or executable program.[0m
[31;1m[36;1m[36;1m[0m[36;1m[0m[36;1m[31;1m[31;1m[36;1m[31;1mCheck the spelling of the name, or if a path was included, verify that the path is correct and try again.[0m


--- Scanning: bdhpcr.azurecr.io/images/bdhp-patient:4.41.0 ---
STDOUT:
Scanning Image: 
Organization: 
Tags: 
Dockerfile Path: 

STDERR:
[31;1mSnyk-Container-Monitor: [0m
[31;1m[36;1mLine |[0m
[31;1m[36;1m[36;1m   4 | [0m             [36;1mSnyk-Container-Monitor[0m -organization "your-org-name" -tag …[0m
[31;1m[36;1m[36;1m[0m[36;1m[0m[36;1m     | [31;1m             ~~~~~~~~~~~~~~~~~~~~~~[0m
[31;1m[36;1m[36;1m[0m[36;1m[0m[36;1m[31;1m[31;1m[36;1m     | [31;1mThe term 'Snyk-Container-Monitor' is not recognized as a name of a cmdlet, function, script file, or executable program.[0m
[31;1m[36;1m[36;1m[0m[36;1m[0m[36;1m[31;1m[31;1m[36;1m[31;1mCheck the spelling of the name, or if a path was included, verify that the path is correct and try again.[0m


--- Scanning: bdhpcr.azurecr.io/images/bdhp-practitioner:4.29.0 ---
STDOUT:
Scanning Image: 
Organization: 
Tags: 
Dockerfile Path: 

STDERR:
[31;1mSnyk-Container-Monitor: [0m
[31;1m[36;1mLine |[0m
[31;1m[36;1m[36;1m   4 | [0m             [36;1mSnyk-Container-Monitor[0m -organization "your-org-name" -tag …[0m
[31;1m[36;1m[36;1m[0m[36;1m[0m[36;1m     | [31;1m             ~~~~~~~~~~~~~~~~~~~~~~[0m
[31;1m[36;1m[36;1m[0m[36;1m[0m[36;1m[31;1m[31;1m[36;1m     | [31;1mThe term 'Snyk-Container-Monitor' is not recognized as a name of a cmdlet, function, script file, or executable program.[0m
[31;1m[36;1m[36;1m[0m[36;1m[0m[36;1m[31;1m[31;1m[36;1m[31;1mCheck the spelling of the name, or if a path was included, verify that the path is correct and try again.[0m


--- Scanning: bdhpcr.azurecr.io/images/bdhp-procedure-request:5.13.0 ---
STDOUT:
Scanning Image: 
Organization: 
Tags: 
Dockerfile Path: 

STDERR:
[31;1mSnyk-Container-Monitor: [0m
[31;1m[36;1mLine |[0m
[31;1m[36;1m[36;1m   4 | [0m             [36;1mSnyk-Container-Monitor[0m -organization "your-org-name" -tag …[0m
[31;1m[36;1m[36;1m[0m[36;1m[0m[36;1m     | [31;1m             ~~~~~~~~~~~~~~~~~~~~~~[0m
[31;1m[36;1m[36;1m[0m[36;1m[0m[36;1m[31;1m[31;1m[36;1m     | [31;1mThe term 'Snyk-Container-Monitor' is not recognized as a name of a cmdlet, function, script file, or executable program.[0m
[31;1m[36;1m[36;1m[0m[36;1m[0m[36;1m[31;1m[31;1m[36;1m[31;1mCheck the spelling of the name, or if a path was included, verify that the path is correct and try again.[0m


--- Scanning: bdhpcr.azurecr.io/images/bdhp-provisioner:6.9.2 ---
STDOUT:
Scanning Image: 
Organization: 
Tags: 
Dockerfile Path: 

STDERR:
[31;1mSnyk-Container-Monitor: [0m
[31;1m[36;1mLine |[0m
[31;1m[36;1m[36;1m   4 | [0m             [36;1mSnyk-Container-Monitor[0m -organization "your-org-name" -tag …[0m
[31;1m[36;1m[36;1m[0m[36;1m[0m[36;1m     | [31;1m             ~~~~~~~~~~~~~~~~~~~~~~[0m
[31;1m[36;1m[36;1m[0m[36;1m[0m[36;1m[31;1m[31;1m[36;1m     | [31;1mThe term 'Snyk-Container-Monitor' is not recognized as a name of a cmdlet, function, script file, or executable program.[0m
[31;1m[36;1m[36;1m[0m[36;1m[0m[36;1m[31;1m[31;1m[36;1m[31;1mCheck the spelling of the name, or if a path was included, verify that the path is correct and try again.[0m


--- Scanning: bdhpcr.azurecr.io/images/bdhp-publisher:4.27.0 ---
STDOUT:
Scanning Image: 
Organization: 
Tags: 
Dockerfile Path: 

STDERR:
[31;1mSnyk-Container-Monitor: [0m
[31;1m[36;1mLine |[0m
[31;1m[36;1m[36;1m   4 | [0m             [36;1mSnyk-Container-Monitor[0m -organization "your-org-name" -tag …[0m
[31;1m[36;1m[36;1m[0m[36;1m[0m[36;1m     | [31;1m             ~~~~~~~~~~~~~~~~~~~~~~[0m
[31;1m[36;1m[36;1m[0m[36;1m[0m[36;1m[31;1m[31;1m[36;1m     | [31;1mThe term 'Snyk-Container-Monitor' is not recognized as a name of a cmdlet, function, script file, or executable program.[0m
[31;1m[36;1m[36;1m[0m[36;1m[0m[36;1m[31;1m[31;1m[36;1m[31;1mCheck the spelling of the name, or if a path was included, verify that the path is correct and try again.[0m


--- Scanning: bdhpcr.azurecr.io/images/bdhp-reference-updater:4.14.0 ---
STDOUT:
Scanning Image: 
Organization: 
Tags: 
Dockerfile Path: 

STDERR:
[31;1mSnyk-Container-Monitor: [0m
[31;1m[36;1mLine |[0m
[31;1m[36;1m[36;1m   4 | [0m             [36;1mSnyk-Container-Monitor[0m -organization "your-org-name" -tag …[0m
[31;1m[36;1m[36;1m[0m[36;1m[0m[36;1m     | [31;1m             ~~~~~~~~~~~~~~~~~~~~~~[0m
[31;1m[36;1m[36;1m[0m[36;1m[0m[36;1m[31;1m[31;1m[36;1m     | [31;1mThe term 'Snyk-Container-Monitor' is not recognized as a name of a cmdlet, function, script file, or executable program.[0m
[31;1m[36;1m[36;1m[0m[36;1m[0m[36;1m[31;1m[31;1m[36;1m[31;1mCheck the spelling of the name, or if a path was included, verify that the path is correct and try again.[0m


--- Scanning: bdhpcr.azurecr.io/images/bdhp-terminology:4.62.0 ---
STDOUT:
Scanning Image: 
Organization: 
Tags: 
Dockerfile Path: 

STDERR:
[31;1mSnyk-Container-Monitor: [0m
[31;1m[36;1mLine |[0m
[31;1m[36;1m[36;1m   4 | [0m             [36;1mSnyk-Container-Monitor[0m -organization "your-org-name" -tag …[0m
[31;1m[36;1m[36;1m[0m[36;1m[0m[36;1m     | [31;1m             ~~~~~~~~~~~~~~~~~~~~~~[0m
[31;1m[36;1m[36;1m[0m[36;1m[0m[36;1m[31;1m[31;1m[36;1m     | [31;1mThe term 'Snyk-Container-Monitor' is not recognized as a name of a cmdlet, function, script file, or executable program.[0m
[31;1m[36;1m[36;1m[0m[36;1m[0m[36;1m[31;1m[31;1m[36;1m[31;1mCheck the spelling of the name, or if a path was included, verify that the path is correct and try again.[0m


--- Scanning: bdhpcr.azurecr.io/images/bdhp-vernemq:1.12.3 ---
STDOUT:
Scanning Image: 
Organization: 
Tags: 
Dockerfile Path: 

STDERR:
[31;1mSnyk-Container-Monitor: [0m
[31;1m[36;1mLine |[0m
[31;1m[36;1m[36;1m   4 | [0m             [36;1mSnyk-Container-Monitor[0m -organization "your-org-name" -tag …[0m
[31;1m[36;1m[36;1m[0m[36;1m[0m[36;1m     | [31;1m             ~~~~~~~~~~~~~~~~~~~~~~[0m
[31;1m[36;1m[36;1m[0m[36;1m[0m[36;1m[31;1m[31;1m[36;1m     | [31;1mThe term 'Snyk-Container-Monitor' is not recognized as a name of a cmdlet, function, script file, or executable program.[0m
[31;1m[36;1m[36;1m[0m[36;1m[0m[36;1m[31;1m[31;1m[36;1m[31;1mCheck the spelling of the name, or if a path was included, verify that the path is correct and try again.[0m


--- Scanning: bdhpcr.azurecr.io/images/bdhp-vernemq-pumps:4.18.7 ---
STDOUT:
Scanning Image: 
Organization: 
Tags: 
Dockerfile Path: 

STDERR:
[31;1mSnyk-Container-Monitor: [0m
[31;1m[36;1mLine |[0m
[31;1m[36;1m[36;1m   4 | [0m             [36;1mSnyk-Container-Monitor[0m -organization "your-org-name" -tag …[0m
[31;1m[36;1m[36;1m[0m[36;1m[0m[36;1m     | [31;1m             ~~~~~~~~~~~~~~~~~~~~~~[0m
[31;1m[36;1m[36;1m[0m[36;1m[0m[36;1m[31;1m[31;1m[36;1m     | [31;1mThe term 'Snyk-Container-Monitor' is not recognized as a name of a cmdlet, function, script file, or executable program.[0m
[31;1m[36;1m[36;1m[0m[36;1m[0m[36;1m[31;1m[31;1m[36;1m[31;1mCheck the spelling of the name, or if a path was included, verify that the path is correct and try again.[0m


--- Scanning: bdhpcr.azurecr.io/images/bdhp-vitals-outbound:4.21.0 ---
STDOUT:
Scanning Image: 
Organization: 
Tags: 
Dockerfile Path: 

STDERR:
[31;1mSnyk-Container-Monitor: [0m
[31;1m[36;1mLine |[0m
[31;1m[36;1m[36;1m   4 | [0m             [36;1mSnyk-Container-Monitor[0m -organization "your-org-name" -tag …[0m
[31;1m[36;1m[36;1m[0m[36;1m[0m[36;1m     | [31;1m             ~~~~~~~~~~~~~~~~~~~~~~[0m
[31;1m[36;1m[36;1m[0m[36;1m[0m[36;1m[31;1m[31;1m[36;1m     | [31;1mThe term 'Snyk-Container-Monitor' is not recognized as a name of a cmdlet, function, script file, or executable program.[0m
[31;1m[36;1m[36;1m[0m[36;1m[0m[36;1m[31;1m[31;1m[36;1m[31;1mCheck the spelling of the name, or if a path was included, verify that the path is correct and try again.[0m


--- Scanning: bdhpcr.azurecr.io/images/bdhp-k8s-cluster-config-sync-operator:2.6.4 ---
STDOUT:
Scanning Image: 
Organization: 
Tags: 
Dockerfile Path: 

STDERR:
[31;1mSnyk-Container-Monitor: [0m
[31;1m[36;1mLine |[0m
[31;1m[36;1m[36;1m   4 | [0m             [36;1mSnyk-Container-Monitor[0m -organization "your-org-name" -tag …[0m
[31;1m[36;1m[36;1m[0m[36;1m[0m[36;1m     | [31;1m             ~~~~~~~~~~~~~~~~~~~~~~[0m
[31;1m[36;1m[36;1m[0m[36;1m[0m[36;1m[31;1m[31;1m[36;1m     | [31;1mThe term 'Snyk-Container-Monitor' is not recognized as a name of a cmdlet, function, script file, or executable program.[0m
[31;1m[36;1m[36;1m[0m[36;1m[0m[36;1m[31;1m[31;1m[36;1m[31;1mCheck the spelling of the name, or if a path was included, verify that the path is correct and try again.[0m


--- Scanning: bdhpcr.azurecr.io/images/bdhp-neo4j-cluster:1.6.1 ---
STDOUT:
Scanning Image: 
Organization: 
Tags: 
Dockerfile Path: 

STDERR:
[31;1mSnyk-Container-Monitor: [0m
[31;1m[36;1mLine |[0m
[31;1m[36;1m[36;1m   4 | [0m             [36;1mSnyk-Container-Monitor[0m -organization "your-org-name" -tag …[0m
[31;1m[36;1m[36;1m[0m[36;1m[0m[36;1m     | [31;1m             ~~~~~~~~~~~~~~~~~~~~~~[0m
[31;1m[36;1m[36;1m[0m[36;1m[0m[36;1m[31;1m[31;1m[36;1m     | [31;1mThe term 'Snyk-Container-Monitor' is not recognized as a name of a cmdlet, function, script file, or executable program.[0m
[31;1m[36;1m[36;1m[0m[36;1m[0m[36;1m[31;1m[31;1m[36;1m[31;1mCheck the spelling of the name, or if a path was included, verify that the path is correct and try again.[0m

